0 info it worked if it ends with ok
1 verbose cli [ '/home/jhta/.nvm/versions/io.js/v1.8.1/bin/iojs',
1 verbose cli   '/home/jhta/.nvm/versions/io.js/v1.8.1/bin/npm',
1 verbose cli   'start' ]
2 info using npm@2.8.3
3 info using node@v1.8.1
4 verbose run-script [ 'prestart', 'start', 'poststart' ]
5 info prestart nigma@0.0.1
6 info start nigma@0.0.1
7 verbose unsafe-perm in lifecycle true
8 info nigma@0.0.1 Failed to exec start script
9 verbose stack Error: nigma@0.0.1 start: `gulp dev`
9 verbose stack Exit status 1
9 verbose stack     at EventEmitter.<anonymous> (/home/jhta/.nvm/versions/io.js/v1.8.1/lib/node_modules/npm/lib/utils/lifecycle.js:213:16)
9 verbose stack     at emitTwo (events.js:87:13)
9 verbose stack     at EventEmitter.emit (events.js:169:7)
9 verbose stack     at ChildProcess.<anonymous> (/home/jhta/.nvm/versions/io.js/v1.8.1/lib/node_modules/npm/lib/utils/spawn.js:24:14)
9 verbose stack     at emitTwo (events.js:87:13)
9 verbose stack     at ChildProcess.emit (events.js:169:7)
9 verbose stack     at maybeClose (child_process.js:953:16)
9 verbose stack     at Process.ChildProcess._handle.onexit (child_process.js:1020:5)
10 verbose pkgid nigma@0.0.1
11 verbose cwd /home/jhta/Documents/projects/nigma
12 error Linux 3.16.0-36-generic
13 error argv "/home/jhta/.nvm/versions/io.js/v1.8.1/bin/iojs" "/home/jhta/.nvm/versions/io.js/v1.8.1/bin/npm" "start"
14 error node v1.8.1
15 error npm  v2.8.3
16 error code ELIFECYCLE
17 error nigma@0.0.1 start: `gulp dev`
17 error Exit status 1
18 error Failed at the nigma@0.0.1 start script 'gulp dev'.
18 error This is most likely a problem with the nigma package,
18 error not with npm itself.
18 error Tell the author that this fails on your system:
18 error     gulp dev
18 error You can get their info via:
18 error     npm owner ls nigma
18 error There is likely additional logging output above.
19 verbose exit [ 1, true ]
